<?xml version="1.0" encoding="UTF-8"?>
<!-- Generated by org.testng.reporters.JUnitReportReporter -->
<testsuite skipped="0" hostname="360NDCPC028" name="com.ivm.android.scripts.UserLogin" tests="2" failures="0" timestamp="05 Dec 2017 09:58:25 GMT" time="107.338" errors="0">
  <testcase name="testUserLogin" time="88.654" classname="com.ivm.android.scripts.UserLogin"/>
  <testcase name="testUserLoginInvalidCredentials" time="18.684" classname="com.ivm.android.scripts.UserLogin"/>
</testsuite> <!-- com.ivm.android.scripts.UserLogin -->
