<?xml version="1.0" encoding="UTF-8"?>
<!-- Generated by org.testng.reporters.JUnitReportReporter -->
<testsuite skipped="0" hostname="360NDCPC028" name="com.ivm.android.scripts.SearchAppraisalList" tests="1" failures="0" timestamp="24 Oct 2017 11:07:25 GMT" time="45.913" errors="0">
  <testcase name="searchbyVehicle" time="45.913" classname="com.ivm.android.scripts.SearchAppraisalList"/>
</testsuite> <!-- com.ivm.android.scripts.SearchAppraisalList -->
