<?xml version="1.0" encoding="UTF-8"?>
<!-- Generated by org.testng.reporters.JUnitReportReporter -->
<testsuite skipped="0" hostname="360NDCPC028" name="com.ivm.android.scripts.SearchAppraisalList" tests="1" failures="0" timestamp="30 Nov 2017 10:37:54 GMT" time="75.367" errors="0">
  <testcase name="searchbyVehicle" time="75.367" classname="com.ivm.android.scripts.SearchAppraisalList"/>
</testsuite> <!-- com.ivm.android.scripts.SearchAppraisalList -->
