<?xml version="1.0" encoding="UTF-8"?>
<!-- Generated by org.testng.reporters.JUnitReportReporter -->
<testsuite skipped="0" hostname="360NDCPC028" name="com.ivm.android.scripts.Reappraise" tests="1" failures="0" timestamp="07 Nov 2017 10:40:30 GMT" time="86.362" errors="0">
  <testcase name="ReappraiseVehicle" time="86.362" classname="com.ivm.android.scripts.Reappraise"/>
</testsuite> <!-- com.ivm.android.scripts.Reappraise -->
