<?xml version="1.0" encoding="UTF-8"?>
<!-- Generated by org.testng.reporters.JUnitReportReporter -->
<testsuite skipped="0" hostname="360NDCPC028" name="com.ivm.android.scripts.SearchInventoryList" tests="1" failures="0" timestamp="30 Oct 2017 12:06:47 GMT" time="46.325" errors="0">
  <testcase name="searchbyVehicleInventory" time="46.325" classname="com.ivm.android.scripts.SearchInventoryList"/>
</testsuite> <!-- com.ivm.android.scripts.SearchInventoryList -->
