<?xml version="1.0" encoding="UTF-8"?>
<!-- Generated by org.testng.reporters.JUnitReportReporter -->
<testsuite skipped="0" hostname="360NDCPC028" name="com.ivm.android.scripts.VerifyReappraiseAppraisalDetailsPage" tests="1" failures="0" timestamp="30 Nov 2017 10:37:54 GMT" time="93.287" errors="0">
  <testcase name="ReappraiseVehicle" time="93.287" classname="com.ivm.android.scripts.VerifyReappraiseAppraisalDetailsPage"/>
</testsuite> <!-- com.ivm.android.scripts.VerifyReappraiseAppraisalDetailsPage -->
