<?xml version="1.0" encoding="UTF-8"?>
<!-- Generated by org.testng.reporters.JUnitReportReporter -->
<testsuite skipped="0" hostname="360NDCPC028" name="com.ivm.android.scripts.ValidateNewUserAccount" tests="1" failures="0" timestamp="05 Dec 2017 10:01:26 GMT" time="54.032" errors="0">
  <testcase name="validateAccount" time="54.032" classname="com.ivm.android.scripts.ValidateNewUserAccount"/>
</testsuite> <!-- com.ivm.android.scripts.ValidateNewUserAccount -->
