<?xml version="1.0" encoding="UTF-8"?>
<!-- Generated by org.testng.reporters.JUnitReportReporter -->
<testsuite skipped="0" hostname="360NDCPC028" name="com.ivm.android.scripts.VerifyviewPhotoandNoteswhenviewinganexistingappraisal" tests="1" failures="0" timestamp="20 Nov 2017 09:06:21 GMT" time="154.280" errors="0">
  <testcase name="ReappraiseVehicle" time="154.280" classname="com.ivm.android.scripts.VerifyviewPhotoandNoteswhenviewinganexistingappraisal"/>
</testsuite> <!-- com.ivm.android.scripts.VerifyviewPhotoandNoteswhenviewinganexistingappraisal -->
