<?xml version="1.0" encoding="UTF-8"?>
<!-- Generated by org.testng.reporters.JUnitReportReporter -->
<testsuite skipped="0" hostname="360NDCPC028" name="com.ivm.android.scripts.Settings" tests="2" failures="0" timestamp="30 Nov 2017 10:37:54 GMT" time="140.830" errors="0">
  <testcase name="SettingperissionOFF" time="70.005" classname="com.ivm.android.scripts.Settings"/>
  <testcase name="SettingperissionON" time="70.825" classname="com.ivm.android.scripts.Settings"/>
</testsuite> <!-- com.ivm.android.scripts.Settings -->
