<?xml version="1.0" encoding="UTF-8"?>
<!-- Generated by org.testng.reporters.JUnitReportReporter -->
<testsuite skipped="0" hostname="360NDCPC028" name="com.ivm.android.scripts.SendFeedback" tests="1" failures="0" timestamp="30 Nov 2017 11:40:40 GMT" time="57.243" errors="0">
  <testcase name="sendFeedback" time="57.243" classname="com.ivm.android.scripts.SendFeedback"/>
</testsuite> <!-- com.ivm.android.scripts.SendFeedback -->
