<?xml version="1.0" encoding="UTF-8"?>
<!-- Generated by org.testng.reporters.JUnitReportReporter -->
<testsuite skipped="0" hostname="360NDCPC028" name="com.ivm.android.scripts.VerifyAccountValidation" tests="1" failures="0" timestamp="13 Nov 2017 08:37:58 GMT" time="20.331" errors="0">
  <testcase name="validateAccount" time="20.331" classname="com.ivm.android.scripts.VerifyAccountValidation"/>
</testsuite> <!-- com.ivm.android.scripts.VerifyAccountValidation -->
