<?xml version="1.0" encoding="UTF-8"?>
<!-- Generated by org.testng.reporters.JUnitReportReporter -->
<testsuite skipped="0" hostname="360NDCPC028" name="com.ivm.android.scripts.Settings" tests="2" failures="0" timestamp="24 Oct 2017 11:07:25 GMT" time="139.188" errors="0">
  <testcase name="SettingperissionOFF" time="68.644" classname="com.ivm.android.scripts.Settings"/>
  <testcase name="SettingperissionON" time="70.544" classname="com.ivm.android.scripts.Settings"/>
</testsuite> <!-- com.ivm.android.scripts.Settings -->
