<?xml version="1.0" encoding="UTF-8"?>
<!-- Generated by org.testng.reporters.JUnitReportReporter -->
<testsuite skipped="0" hostname="360NDCPC028" name="com.ivm.android.scripts.UserLogin" tests="2" failures="0" timestamp="30 Oct 2017 07:30:52 GMT" time="51.194" errors="0">
  <testcase name="testUserLogin" time="32.428" classname="com.ivm.android.scripts.UserLogin"/>
  <testcase name="testUserLoginInvalidCredentials" time="18.766" classname="com.ivm.android.scripts.UserLogin"/>
</testsuite> <!-- com.ivm.android.scripts.UserLogin -->
