<?xml version="1.0" encoding="UTF-8"?>
<!-- Generated by org.testng.reporters.JUnitReportReporter -->
<testsuite skipped="0" hostname="360NDCPC028" name="com.ivm.android.scripts.Settings" tests="2" failures="0" timestamp="30 Oct 2017 06:57:25 GMT" time="143.072" errors="0">
  <testcase name="SettingperissionON" time="72.214" classname="com.ivm.android.scripts.Settings"/>
  <testcase name="SettingperissionOFF" time="70.858" classname="com.ivm.android.scripts.Settings"/>
</testsuite> <!-- com.ivm.android.scripts.Settings -->
