<?xml version="1.0" encoding="UTF-8"?>
<!-- Generated by org.testng.reporters.JUnitReportReporter -->
<testsuite skipped="0" hostname="360NDCPC028" name="com.ivm.android.scripts.VerifyviewPhotoandNotes" tests="1" failures="0" timestamp="30 Nov 2017 11:29:02 GMT" time="153.535" errors="0">
  <testcase name="ReappraiseVehicle" time="153.535" classname="com.ivm.android.scripts.VerifyviewPhotoandNotes"/>
</testsuite> <!-- com.ivm.android.scripts.VerifyviewPhotoandNotes -->
